app/release/mapping.txt
com.webkul.mobikul.mobikulstandalonepos.VersionChecker -> com.webkul.mobikul.mobikulstandalonepos.a:
    java.lang.String newVersion -> a
    void <init>() -> <init>
    java.lang.String doInBackground(java.lang.String[]) -> a
    java.lang.Object doInBackground(java.lang.Object[]) -> doInBackground
com.webkul.mobikul.mobikulstandalonepos.activity.BaseActivity -> com.webkul.mobikul.mobikulstandalonepos.activity.a:
    android.support.v4.app.FragmentManager mSupportFragmentManager -> l
    com.webkul.mobikul.mobikulstandalonepos.db.AppDatabase db -> m
    void <init>() -> <init>
    void onCreate(android.os.Bundle) -> onCreate
    com.webkul.mobikul.mobikulstandalonepos.db.AppDatabase getDb() -> k
    void showBackButton(boolean) -> b
    void setActionbarTitle(java.lang.String) -> a
    boolean onCreateOptionsMenu(android.view.Menu) -> onCreateOptionsMenu
    void onStop() -> onStop
    boolean onOptionsItemSelected(android.view.MenuItem) -> onOptionsItemSelected
    void onBackPressed() -> onBackPressed
com.webkul.mobikul.mobikulstandalonepos.activity.CartActivity -> com.webkul.mobikul.mobikulstandalonepos.activity.CartActivity:
    com.webkul.mobikul.mobikulstandalonepos.databinding.ActivityCartBinding binding -> n
    void <init>() -> <init>
    void onCreate(android.os.Bundle) -> onCreate
    void setCartProducts(com.webkul.mobikul.mobikulstandalonepos.model.CartModel) -> a
    boolean onOptionsItemSelected(android.view.MenuItem) -> onOptionsItemSelected
    void onResume() -> onResume
    boolean onCreateOptionsMenu(android.view.Menu) -> onCreateOptionsMenu
    void onActivityResult(int,int,android.content.Intent) -> onActivityResult
com.webkul.mobikul.mobikulstandalonepos.activity.CategoryActivity -> com.webkul.mobikul.mobikulstandalonepos.activity.CategoryActivity:
    com.webkul.mobikul.mobikulstandalonepos.databinding.ActivityCategoryBinding binding -> n
    java.util.List categories -> o
    com.webkul.mobikul.mobikulstandalonepos.activity.CategoryAdapter categoryAdapter -> p
    void <init>() -> <init>
    void onCreate(android.os.Bundle) -> onCreate
    void setCategory() -> l
    boolean onCreateOptionsMenu(android.view.Menu) -> onCreateOptionsMenu
    boolean onOptionsItemSelected(android.view.MenuItem) -> onOptionsItemSelected
    java.util.List access$000(com.webkul.mobikul.mobikulstandalonepos.activity.CategoryActivity) -> a
    com.webkul.mobikul.mobikulstandalonepos.activity.CategoryAdapter access$100(com.webkul.mobikul.mobikulstandalonepos.activity.CategoryActivity) -> b
    com.webkul.mobikul.mobikulstandalonepos.activity.CategoryAdapter access$102(com.webkul.mobikul.mobikulstandalonepos.activity.CategoryActivity,com.webkul.mobikul.mobikulstandalonepos.activity.CategoryAdapter) -> a
com.webkul.mobikul.mobikulstandalonepos.activity.CategoryActivity$1 -> com.webkul.mobikul.mobikulstandalonepos.activity.CategoryActivity$1:
    com.webkul.mobikul.mobikulstandalonepos.activity.CategoryActivity this$0 -> a
    void <init>(com.webkul.mobikul.mobikulstandalonepos.activity.CategoryActivity) -> <init>
    void onSuccess(java.lang.Object,java.lang.String) -> a
    void onFailure(int,java.lang.String) -> a
com.webkul.mobikul.mobikulstandalonepos.activity.CategoryAdapter -> com.webkul.mobikul.mobikulstandalonepos.activity.b:
    android.content.Context context -> a
    java.util.List categories -> b
    void <init>(android.content.Context,java.util.List) -> <init>
    com.webkul.mobikul.mobikulstandalonepos.activity.CategoryAdapter$ViewHolder onCreateViewHolder(android.view.ViewGroup,int) -> a
    void onBindViewHolder(com.webkul.mobikul.mobikulstandalonepos.activity.CategoryAdapter$ViewHolder,int) -> a
    int getItemCount() -> a
    void onBindViewHolder(android.support.v7.widget.RecyclerView$ViewHolder,int) -> a
    android.support.v7.widget.RecyclerView$ViewHolder onCreateViewHolder(android.view.ViewGroup,int) -> b
...
org.jsoup.parser.TokeniserState$67 -> org.a.b.l$64:
    void <init>(java.lang.String,int) -> <init>
    void read(org.jsoup.parser.Tokeniser,org.jsoup.parser.CharacterReader) -> a
org.jsoup.parser.TokeniserState$7 -> org.a.b.l$65:
    void <init>(java.lang.String,int) -> <init>
    void read(org.jsoup.parser.Tokeniser,org.jsoup.parser.CharacterReader) -> a
org.jsoup.parser.TokeniserState$8 -> org.a.b.l$66:
    void <init>(java.lang.String,int) -> <init>
    void read(org.jsoup.parser.Tokeniser,org.jsoup.parser.CharacterReader) -> a
org.jsoup.parser.TokeniserState$9 -> org.a.b.l$67:
    void <init>(java.lang.String,int) -> <init>
    void read(org.jsoup.parser.Tokeniser,org.jsoup.parser.CharacterReader) -> a
org.jsoup.parser.TreeBuilder -> org.a.b.m:
    org.jsoup.parser.CharacterReader reader -> c
    org.jsoup.parser.Tokeniser tokeniser -> d
    org.jsoup.nodes.Document doc -> e
    java.util.ArrayList stack -> f
    java.lang.String baseUri -> g
    org.jsoup.parser.Token currentToken -> h
    org.jsoup.parser.ParseErrorList errors -> i
    org.jsoup.parser.ParseSettings settings -> j
    org.jsoup.parser.Token$StartTag start -> a
    org.jsoup.parser.Token$EndTag end -> b
    void <init>() -> <init>
    org.jsoup.parser.ParseSettings defaultSettings() -> a
    void initialiseParse(java.lang.String,java.lang.String,org.jsoup.parser.ParseErrorList,org.jsoup.parser.ParseSettings) -> b
    org.jsoup.nodes.Document parse(java.lang.String,java.lang.String,org.jsoup.parser.ParseErrorList,org.jsoup.parser.ParseSettings) -> a
    void runParser() -> z
    boolean process(org.jsoup.parser.Token) -> a
    boolean processStartTag(java.lang.String) -> l
    boolean processStartTag(java.lang.String,org.jsoup.nodes.Attributes) -> a
    boolean processEndTag(java.lang.String) -> m
    org.jsoup.nodes.Element currentElement() -> A
org.jsoup.parser.XmlTreeBuilder -> org.a.b.n:
    void <init>() -> <init>
    org.jsoup.parser.ParseSettings defaultSettings() -> a
    void initialiseParse(java.lang.String,java.lang.String,org.jsoup.parser.ParseErrorList,org.jsoup.parser.ParseSettings) -> b
    boolean process(org.jsoup.parser.Token) -> a
    void insertNode(org.jsoup.nodes.Node) -> a
    org.jsoup.nodes.Element insert(org.jsoup.parser.Token$StartTag) -> a
    void insert(org.jsoup.parser.Token$Comment) -> a
    void insert(org.jsoup.parser.Token$Character) -> a
    void insert(org.jsoup.parser.Token$Doctype) -> a
    void popStackToClose(org.jsoup.parser.Token$EndTag) -> a
    boolean processStartTag(java.lang.String,org.jsoup.nodes.Attributes) -> a
org.jsoup.parser.XmlTreeBuilder$1 -> org.a.b.n$1:
    int[] $SwitchMap$org$jsoup$parser$Token$TokenType -> a
    void <clinit>() -> <clinit>
org.jsoup.select.Collector -> org.a.c.a:
    org.jsoup.select.Elements collect(org.jsoup.select.Evaluator,org.jsoup.nodes.Element) -> a
org.jsoup.select.Collector$Accumulator -> org.a.c.a$a:
    org.jsoup.nodes.Element root -> a
    org.jsoup.select.Elements elements -> b
    org.jsoup.select.Evaluator eval -> c
    void <init>(org.jsoup.nodes.Element,org.jsoup.select.Elements,org.jsoup.select.Evaluator) -> <init>
    void head(org.jsoup.nodes.Node,int) -> a
    void tail(org.jsoup.nodes.Node,int) -> b
org.jsoup.select.CombiningEvaluator -> org.a.c.b:
    java.util.ArrayList evaluators -> a
    int num -> b
    void <init>() -> <init>
    void <init>(java.util.Collection) -> <init>
    org.jsoup.select.Evaluator rightMostEvaluator() -> a
    void replaceRightMostEvaluator(org.jsoup.select.Evaluator) -> a
    void updateNumEvaluators() -> b
org.jsoup.select.CombiningEvaluator$And -> org.a.c.b$a:
    void <init>(java.util.Collection) -> <init>
    void <init>(org.jsoup.select.Evaluator[]) -> <init>
    boolean matches(org.jsoup.nodes.Element,org.jsoup.nodes.Element) -> a
    java.lang.String toString() -> toString